<?xml version="1.0" encoding="UTF-8"?>
<!-- Generated by org.testng.reporters.JUnitReportReporter -->
<testsuite hostname="ROHIT" failures="0" tests="2" name="Basic.DataProvider_Demo" time="0.010" errors="0" timestamp="2020-04-25T10:27:56 IST" skipped="0">
  <testcase classname="Basic.DataProvider_Demo" name="f" time="0.002"/>
  <system-out/>
  <testcase classname="Basic.DataProvider_Demo" name="f" time="0.008"/>
  <system-out/>
</testsuite> <!-- Basic.DataProvider_Demo -->
